<?xml version="1.0" encoding="utf-8"?><testsuites name="pytest tests"><testsuite name="pytest" errors="0" failures="0" skipped="0" tests="8" time="2.031" timestamp="2026-03-26T15:15:36.480608+00:00" hostname="agent-env-bf1e7376-7738-475a-91d8-d3e5d2a93b4d"><testcase classname="tests.test_backend_api.TestHealthChecks" name="test_root_health" time="0.592" /><testcase classname="tests.test_backend_api.TestHealthChecks" name="test_health_endpoint" time="0.323" /><testcase classname="tests.test_backend_api.TestAuthFlow" name="test_auth_verify_without_token" time="0.172" /><testcase classname="tests.test_backend_api.TestRecipesAPI" name="test_get_recipes_without_auth" time="0.184" /><testcase classname="tests.test_backend_api.TestRecipesAPI" name="test_create_recipe_without_auth" time="0.199" /><testcase classname="tests.test_backend_api.TestMealPlansAPI" name="test_get_meal_plan_without_auth" time="0.128" /><testcase classname="tests.test_backend_api.TestGroceryListsAPI" name="test_get_grocery_list_without_auth" time="0.088" /><testcase classname="tests.test_backend_api.TestTagsAPI" name="test_get_tags_without_auth" time="0.217" /></testsuite></testsuites>