<?xml version="1.0" encoding="utf-8"?><testsuites name="pytest tests"><testsuite name="pytest" errors="0" failures="0" skipped="0" tests="8" time="6.562" timestamp="2026-03-26T09:01:54.669735+00:00" hostname="agent-env-bf1e7376-7738-475a-91d8-d3e5d2a93b4d"><testcase classname="tests.test_backend_api.TestHealthChecks" name="test_root_health" time="1.170" /><testcase classname="tests.test_backend_api.TestHealthChecks" name="test_health_endpoint" time="0.956" /><testcase classname="tests.test_backend_api.TestAuthFlow" name="test_auth_verify_without_token" time="0.713" /><testcase classname="tests.test_backend_api.TestRecipesAPI" name="test_get_recipes_without_auth" time="0.729" /><testcase classname="tests.test_backend_api.TestRecipesAPI" name="test_create_recipe_without_auth" time="0.742" /><testcase classname="tests.test_backend_api.TestMealPlansAPI" name="test_get_meal_plan_without_auth" time="0.714" /><testcase classname="tests.test_backend_api.TestGroceryListsAPI" name="test_get_grocery_list_without_auth" time="0.744" /><testcase classname="tests.test_backend_api.TestTagsAPI" name="test_get_tags_without_auth" time="0.723" /></testsuite></testsuites>